This is pdfTeX, Version 3.1415926-1.40.11 (MiKTeX 2.9) (preloaded format=pdflatex 2012.4.14)  1 AUG 2012 11:31
entering extended mode
**magic_closet.tex
("D:\my work\clothing recommendation --- MM 2012\final version\magic_closet.tex
"
LaTeX2e <2009/09/24>
Babel <v3.8l> and hyphenation patterns for loaded.

("D:\my work\clothing recommendation --- MM 2012\final version\sig-alternate.cl
s" (C:\CTEX\MiKTeX\tex\latex\graphics\epsfig.sty
Package: epsfig 1999/02/16 v1.7a (e)psfig emulation (SPQR)

(C:\CTEX\MiKTeX\tex\latex\graphics\graphicx.sty
Package: graphicx 1999/02/16 v1.0f Enhanced LaTeX Graphics (DPC,SPQR)

(C:\CTEX\MiKTeX\tex\latex\graphics\keyval.sty
Package: keyval 1999/03/16 v1.13 key=value parser (DPC)
\KV@toks@=\toks14
)
(C:\CTEX\MiKTeX\tex\latex\graphics\graphics.sty
Package: graphics 2009/02/05 v1.0o Standard LaTeX Graphics (DPC,SPQR)

(C:\CTEX\MiKTeX\tex\latex\graphics\trig.sty
Package: trig 1999/03/16 v1.09 sin cos tan (DPC)
)
(C:\CTEX\MiKTeX\tex\latex\00miktex\graphics.cfg
File: graphics.cfg 2007/01/18 v1.5 graphics configuration of teTeX/TeXLive
)
Package graphics Info: Driver file: pdftex.def on input line 91.

(C:\CTEX\MiKTeX\tex\latex\pdftex-def\pdftex.def
File: pdftex.def 2010/11/26 v0.05c Graphics/color for pdfTeX
\Gread@gobject=\count79
))
\Gin@req@height=\dimen102
\Gin@req@width=\dimen103
)
\epsfxsize=\dimen104
\epsfysize=\dimen105
)
(C:\CTEX\MiKTeX\tex\latex\amsfonts\amssymb.sty
Package: amssymb 2009/06/22 v3.00

(C:\CTEX\MiKTeX\tex\latex\amsfonts\amsfonts.sty
Package: amsfonts 2009/06/22 v3.00 Basic AMSFonts support
\@emptytoks=\toks15
\symAMSa=\mathgroup4
\symAMSb=\mathgroup5
LaTeX Font Info:    Overwriting math alphabet `\mathfrak' in version `bold'
(Font)                  U/euf/m/n --> U/euf/b/n on input line 96.
))
(C:\CTEX\MiKTeX\tex\latex\ams\math\amsmath.sty
Package: amsmath 2000/07/18 v2.13 AMS math features
\@mathmargin=\skip41

For additional information on amsmath, use the `?' option.
(C:\CTEX\MiKTeX\tex\latex\ams\math\amstext.sty
Package: amstext 2000/06/29 v2.01

(C:\CTEX\MiKTeX\tex\latex\ams\math\amsgen.sty
File: amsgen.sty 1999/11/30 v2.0
\@emptytoks=\toks16
\ex@=\dimen106
))
(C:\CTEX\MiKTeX\tex\latex\ams\math\amsbsy.sty
Package: amsbsy 1999/11/29 v1.2d
\pmbraise@=\dimen107
)
(C:\CTEX\MiKTeX\tex\latex\ams\math\amsopn.sty
Package: amsopn 1999/12/14 v2.01 operator names
)
\inf@bad=\count80
LaTeX Info: Redefining \frac on input line 211.
\uproot@=\count81
\leftroot@=\count82
LaTeX Info: Redefining \overline on input line 307.
\classnum@=\count83
\DOTSCASE@=\count84
LaTeX Info: Redefining \ldots on input line 379.
LaTeX Info: Redefining \dots on input line 382.
LaTeX Info: Redefining \cdots on input line 467.
\Mathstrutbox@=\box26
\strutbox@=\box27
\big@size=\dimen108
LaTeX Font Info:    Redeclaring font encoding OML on input line 567.
LaTeX Font Info:    Redeclaring font encoding OMS on input line 568.
\macc@depth=\count85
\c@MaxMatrixCols=\count86
\dotsspace@=\muskip10
\c@parentequation=\count87
\dspbrk@lvl=\count88
\tag@help=\toks17
\row@=\count89
\column@=\count90
\maxfields@=\count91
\andhelp@=\toks18
\eqnshift@=\dimen109
\alignsep@=\dimen110
\tagshift@=\dimen111
\tagwidth@=\dimen112
\totwidth@=\dimen113
\lineht@=\dimen114
\@envbody=\toks19
\multlinegap=\skip42
\multlinetaggap=\skip43
\mathdisplay@stack=\toks20
LaTeX Info: Redefining \[ on input line 2666.
LaTeX Info: Redefining \] on input line 2667.
)
Document Class 'sig-alternate' <23rd. May '12>. Modified by G.K.M. Tobin/Gerry 
Murray
Based in part upon document Style `acmconf' <22 May 89>. Hacked 4/91 by
shivers@cs.cmu.edu, 4/93 by theobald@cs.mcgill.ca
Excerpts were taken from (Journal Style) 'esub2acm.cls'.
****** Bugs/comments/suggestions/technicalities to Gerry Murray -- murray@hq.ac
m.org ******
Questions on the style, SIGS policies, etc. to Adrienne Griscti griscti@acm.org

\footheight=\dimen115
\@maxsep=\dimen116
\@dblmaxsep=\dimen117
\aucount=\count92
\originalaucount=\count93
\auwidth=\dimen118
\auskip=\dimen119
\auskipcount=\count94
\auskip=\dimen120
\allauboxes=\dimen121
\addauthors=\toks21
\addauflag=\count95
\subtitletext=\toks22
\savesection=\count96
\sectioncntr=\count97
\c@figure=\count98
\c@table=\count99
\titleboxnotes=\toks23
\titleboxnoteflag=\count100
Document Class: sig-alternate 2012/05/23 - V2.5 - based on acmproc.cls V1.3 <No
v. 30 '99>
(C:\CTEX\MiKTeX\tex\latex\base\latexsym.sty
Package: latexsym 1998/08/17 v2.2e Standard LaTeX package (lasy symbols)
\symlasy=\mathgroup6
LaTeX Font Info:    Overwriting symbol font `lasy' in version `bold'
(Font)                  U/lasy/m/n --> U/lasy/b/n on input line 47.
)
\@acmtitlebox=\box28
\titlenotecount=\count101
\tntoks=\toks24
\tntokstwo=\toks25
\tntoksthree=\toks26
\tntoksfour=\toks27
\tntoksfive=\toks28
\catcount=\count102
\copyrightnotice=\toks29
\conf=\toks30
\confinfo=\toks31
\c@part=\count103
\c@section=\count104
\c@subsection=\count105
\c@subsubsection=\count106
\c@paragraph=\count107

Using 'Abbrev' bibliography style
LaTeX Info: Redefining \cite on input line 1211.
\bibindent=\dimen122
\colcntr=\count108
\saveb@x=\box29
\copyrtyr=\toks32
\acmcopyr=\toks33
\boilerplate=\toks34
\copyrightetc=\toks35
(C:\CTEX\MiKTeX\tex\latex\base\fontenc.sty
Package: fontenc 2005/09/27 v1.99g Standard LaTeX package

(C:\CTEX\MiKTeX\tex\latex\base\t1enc.def
File: t1enc.def 2005/09/27 v1.99g Standard LaTeX file
LaTeX Font Info:    Redeclaring font encoding T1 on input line 43.
)
LaTeX Font Info:    Try loading font information for T1+aer on input line 100.
 (C:\CTEX\MiKTeX\tex\latex\ae\t1aer.fd
File: t1aer.fd 1997/11/16 Font definitions for T1/aer.
))) (C:\CTEX\MiKTeX\tex\latex\algorithms\algorithm.sty
Package: algorithm 2009/08/24 v0.1 Document Style `algorithm' - floating enviro
nment

(C:\CTEX\MiKTeX\tex\latex\float\float.sty
Package: float 2001/11/08 v1.3d Float enhancements (AL)
\c@float@type=\count109
\float@exts=\toks36
\float@box=\box30
\@float@everytoks=\toks37
\@floatcapt=\box31
)
(C:\CTEX\MiKTeX\tex\latex\base\ifthen.sty
Package: ifthen 2001/05/26 v1.1c Standard LaTeX ifthen package (DPC)
)
\@float@every@algorithm=\toks38
\c@algorithm=\count110
)
(C:\CTEX\MiKTeX\tex\latex\algorithms\algorithmic.sty
Package: algorithmic 2009/08/24 v0.1 Document Style `algorithmic'
\c@ALC@unique=\count111
\c@ALC@line=\count112
\c@ALC@rem=\count113
\c@ALC@depth=\count114
\ALC@tlm=\skip44
\algorithmicindent=\skip45
)
(C:\CTEX\MiKTeX\tex\latex\subfigure\subfigure.sty
Package: subfigure 2002/07/30 v2.1.4 subfigure package
\subfigtopskip=\skip46
\subfigcapskip=\skip47
\subfigcaptopadj=\dimen123
\subfigbottomskip=\skip48
\subfigcapmargin=\dimen124
\subfiglabelskip=\skip49
\c@subfigure=\count115
\c@lofdepth=\count116
\c@subtable=\count117
\c@lotdepth=\count118

****************************************
* Local config file subfigure.cfg used *
****************************************
(C:\CTEX\MiKTeX\tex\latex\subfigure\subfigure.cfg)
\subfig@top=\skip50
\subfig@bottom=\skip51
)
(C:\CTEX\MiKTeX\tex\latex\ltxmisc\url.sty
\Urlmuskip=\muskip11
Package: url 2006/04/12  ver 3.3  Verb mode for urls, etc.
)
(C:\CTEX\MiKTeX\tex\latex\multirow\multirow.sty
\bigstrutjot=\dimen125
)
(C:\CTEX\MiKTeX\tex\latex\xcolor\xcolor.sty
Package: xcolor 2007/01/21 v2.11 LaTeX color extensions (UK)

(C:\CTEX\MiKTeX\tex\latex\00miktex\color.cfg
File: color.cfg 2007/01/18 v1.5 color configuration of teTeX/TeXLive
)
Package xcolor Info: Package option `usenames' ignored on input line 216.
Package xcolor Info: Driver file: pdftex.def on input line 225.

(C:\CTEX\MiKTeX\tex\latex\colortbl\colortbl.sty
Package: colortbl 2001/02/13 v0.1j Color table columns (DPC)

(C:\CTEX\MiKTeX\tex\latex\tools\array.sty
Package: array 2008/09/09 v2.4c Tabular extension package (FMi)
\col@sep=\dimen126
\extrarowheight=\dimen127
\NC@list=\toks39
\extratabsurround=\skip52
\backup@length=\skip53
)
\everycr=\toks40
\minrowclearance=\skip54
)
\rownum=\count119
Package xcolor Info: Model `cmy' substituted by `cmy0' on input line 1337.
Package xcolor Info: Model `hsb' substituted by `rgb' on input line 1341.
Package xcolor Info: Model `RGB' extended on input line 1353.
Package xcolor Info: Model `HTML' substituted by `rgb' on input line 1355.
Package xcolor Info: Model `Hsb' substituted by `hsb' on input line 1356.
Package xcolor Info: Model `tHsb' substituted by `hsb' on input line 1357.
Package xcolor Info: Model `HSB' substituted by `hsb' on input line 1358.
Package xcolor Info: Model `Gray' substituted by `gray' on input line 1359.
Package xcolor Info: Model `wave' substituted by `hsb' on input line 1360.

(C:\CTEX\MiKTeX\tex\latex\graphics\dvipsnam.def
File: dvipsnam.def 1999/02/16 v3.0i Driver-dependant file (DPC,SPQR)
))

LaTeX Warning: Unused global option(s):
    [letter].

("D:\my work\clothing recommendation --- MM 2012\final version\magic_closet.aux
")
LaTeX Font Info:    Checking defaults for OML/cmm/m/it on input line 13.
LaTeX Font Info:    ... okay on input line 13.
LaTeX Font Info:    Checking defaults for T1/cmr/m/n on input line 13.
LaTeX Font Info:    ... okay on input line 13.
LaTeX Font Info:    Checking defaults for OT1/cmr/m/n on input line 13.
LaTeX Font Info:    ... okay on input line 13.
LaTeX Font Info:    Checking defaults for OMS/cmsy/m/n on input line 13.
LaTeX Font Info:    ... okay on input line 13.
LaTeX Font Info:    Checking defaults for OMX/cmex/m/n on input line 13.
LaTeX Font Info:    ... okay on input line 13.
LaTeX Font Info:    Checking defaults for U/cmr/m/n on input line 13.
LaTeX Font Info:    ... okay on input line 13.
 (C:\CTEX\MiKTeX\tex\context\base\supp-pdf.mkii
[Loading MPS to PDF converter (version 2006.09.02).]
\scratchcounter=\count120
\scratchdimen=\dimen128
\scratchbox=\box32
\nofMPsegments=\count121
\nofMParguments=\count122
\everyMPshowfont=\toks41
\MPscratchCnt=\count123
\MPscratchDim=\dimen129
\MPnumerator=\count124
\everyMPtoPDFconversion=\toks42
)
LaTeX Font Info:    Try loading font information for U+msa on input line 55.
 (C:\CTEX\MiKTeX\tex\latex\amsfonts\umsa.fd
File: umsa.fd 2009/06/22 v3.00 AMS symbols A
)
LaTeX Font Info:    Try loading font information for U+msb on input line 55.

(C:\CTEX\MiKTeX\tex\latex\amsfonts\umsb.fd
File: umsb.fd 2009/06/22 v3.00 AMS symbols B
)
LaTeX Font Info:    Try loading font information for U+lasy on input line 55.

(C:\CTEX\MiKTeX\tex\latex\base\ulasy.fd
File: ulasy.fd 1998/08/17 v2.2e LaTeX symbol font definitions
)
LaTeX Font Info:    Try loading font information for T1+aett on input line 55.
 (C:\CTEX\MiKTeX\tex\latex\ae\t1aett.fd
File: t1aett.fd 1997/11/16 Font definitions for T1/aett.
)

pdfTeX warning: C:\CTEX\MiKTeX\miktex\bin\pdflatex.exe (file D:/my work/clothin
g recommendation --- MM 2012/final version/figure/first_fig.pdf): PDF inclusion
: found PDF version <1.6>, but at most version <1.5> allowed
<figure/first_fig.pdf, id=1, 507.09451pt x 469.48299pt>
File: figure/first_fig.pdf Graphic file (type pdf)

<use figure/first_fig.pdf>
Underfull \hbox (badness 10000) in paragraph at lines 93--93
[][]$\T1/aett/m/n/9 http : / / www . bizjournals . com / prnewswire / press _$
 []

<figure/flowchat_bk.pdf, id=2, 665.10985pt x 294.06361pt>
File: figure/flowchat_bk.pdf Graphic file (type pdf)

<use figure/flowchat_bk.pdf>
Underfull \hbox (badness 10000) in paragraph at lines 106--106
[][]$\T1/aett/m/n/9 http : / / www . azcentral . com / style / fashion / articl
es /$
 []


Overfull \hbox (3.29178pt too wide) in paragraph at lines 106--107
\T1/aer/m/n/9 oriented cloth-ing rec-om-men-da-tion. When peo-ple s-e-lec-t clo
th-
 []

[1{C:/CTEX/UserData/pdftex/config/pdftex.map{Unicode.sfd}{UGBK.sfd}}


 <D:/my work/clothing recommendation --- MM 2012/final version/figure/first_fig
.pdf>]
[2 <D:/my work/clothing recommendation --- MM 2012/final version/figure/flowcha
t_bk.pdf>]
Overfull \hbox (6.74225pt too wide) in paragraph at lines 123--124
\T1/aer/m/n/9 (WoW), con-tain-ing $\OT1/cmr/m/n/9 24\OML/cmm/m/it/9 ; \OT1/cmr/
m/n/9 417$ \T1/aer/m/n/9 cloth-ing. The col-lect-ed WoW
 []

<figure/detection_results_bk.pdf, id=230, 482.83989pt x 169.77026pt>
File: figure/detection_results_bk.pdf Graphic file (type pdf)

<use figure/detection_results_bk.pdf>
Overfull \hbox (1.41936pt too wide) in paragraph at lines 139--141
 [] 
 []

<figure/category_hierarchy.pdf, id=231, 722.7pt x 209.54787pt>
File: figure/category_hierarchy.pdf Graphic file (type pdf)

<use figure/category_hierarchy.pdf>
Overfull \hbox (12.94878pt too wide) in paragraph at lines 168--170
 [] 
 []

<figure/attribute4.pdf, id=232, 493.02896pt x 160.4645pt>
File: figure/attribute4.pdf Graphic file (type pdf)

<use figure/attribute4.pdf>
Overfull \hbox (6.51387pt too wide) in paragraph at lines 180--182
 [] 
 []

<figure/dataset2.pdf, id=233, 357.90883pt x 509.82309pt>
File: figure/dataset2.pdf Graphic file (type pdf)

<use figure/dataset2.pdf>
<figure/occasion_distribution.pdf, id=234, 283.04648pt x 172.07988pt>
File: figure/occasion_distribution.pdf Graphic file (type pdf)

<use figure/occasion_distribution.pdf>

LaTeX Warning: `h' float specifier changed to `ht'.


LaTeX Warning: `h' float specifier changed to `ht'.


Overfull \hbox (6.25974pt too wide) in paragraph at lines 266--266
[]\secfnt HUMAN BODY PARS-ING AND FEA-TURE
 []

[3 <D:/my work/clothing recommendation --- MM 2012/final version/figure/detecti
on_results_bk.pdf> <D:/my work/clothing recommendation --- MM 2012/final versio
n/figure/category_hierarchy.pdf> <D:/my work/clothing recommendation --- MM 201
2/final version/figure/attribute4.pdf>]
Overfull \hbox (4.82896pt too wide) in paragraph at lines 287--288
[]\T1/aer/m/n/9 A train-ing cloth-ing im-age is de-not-ed as a tu-ple $\OT1/cmr
/m/n/9 (\OT1/cmr/bx/n/9 x\OML/cmm/m/it/9 ; \OT1/cmr/bx/n/9 a[]\OML/cmm/m/it/9 ;
 \OT1/cmr/bx/n/9 a[]\OML/cmm/m/it/9 ; \OT1/cmr/bx/n/9 o\OT1/cmr/m/n/9 )$\T1/aer
/m/n/9 .
 []

[4 <D:/my work/clothing recommendation --- MM 2012/final version/figure/dataset
2.pdf> <D:/my work/clothing recommendation --- MM 2012/final version/figure/occ
asion_distribution.pdf>]
Overfull \hbox (6.14014pt too wide) in paragraph at lines 289--294
\T1/aer/m/n/9 upper-body cloth-ing $\OT1/cmr/bx/n/9 x[]$ \T1/aer/m/n/9 as $\OT1
/cmr/bx/n/9 x[] \OT1/cmr/m/n/9 = [] [][] \OML/cmm/m/it/9 f[] []$\T1/aer/m/n/9 ,

 []


Overfull \hbox (6.77327pt too wide) in alignment at lines 331--335
 [][][] []
 []

[5] [6] <figure/Dataset_introduction.pdf, id=333, 370.3426pt x 136.77097pt>
File: figure/Dataset_introduction.pdf Graphic file (type pdf)

<use figure/Dataset_introduction.pdf>
<figure/attributes_estimated.pdf, id=334, 474.93938pt x 511.5629pt>
File: figure/attributes_estimated.pdf Graphic file (type pdf)

<use figure/attributes_estimated.pdf>
Overfull \hbox (2.04181pt too wide) in paragraph at lines 525--527
[]\T1/aer/bx/n/9 Attribute pre-dic-tion: \T1/aer/m/n/9 We first e-val-u-ate the
 per-for-mance
 []

<figure/precision.pdf, id=335, 341.3817pt x 173.52127pt>
File: figure/precision.pdf Graphic file (type pdf)

<use figure/precision.pdf>
Overfull \hbox (12.16693pt too wide) in paragraph at lines 540--541
[]\T1/aer/bx/n/9 Visualization of the mined attribute-attribute match-
 []

<figure/match_style.pdf, id=336, 674.33914pt x 188.1409pt>
File: figure/match_style.pdf Graphic file (type pdf)

<use figure/match_style.pdf>
<figure/wedding_and_funeral.pdf, id=337, 722.7pt x 388.45125pt>
File: figure/wedding_and_funeral.pdf Graphic file (type pdf)

<use figure/wedding_and_funeral.pdf>
Overfull \hbox (2.37761pt too wide) in paragraph at lines 578--579
\T1/aer/m/n/9 WoW_Full_DP_1 to-geth-er with WoW_Full_OS (con-tain $\OT1/cmr/m/n
/9 2\OML/cmm/m/it/9 ; \OT1/cmr/m/n/9 808$
 []


Overfull \hbox (14.24527pt too wide) in paragraph at lines 578--579
\T1/aer/m/n/9 em-bed-ded in mag-ic clos-et. And the sec-ond half WoW_Full_DP_2
 []

[7 <D:/my work/clothing recommendation --- MM 2012/final version/figure/Dataset
_introduction.pdf> <D:/my work/clothing recommendation --- MM 2012/final versio
n/figure/attributes_estimated.pdf> <D:/my work/clothing recommendation --- MM 2
012/final version/figure/precision.pdf>]
<figure/exp1.pdf, id=395, 261.42468pt x 158.721pt>
File: figure/exp1.pdf Graphic file (type pdf)
 <use figure/exp1.pdf>
<figure/results_clothing_recommendation_final.pdf, id=396, 312.11014pt x 430.68
303pt>
File: figure/results_clothing_recommendation_final.pdf Graphic file (type pdf)
 <use figure/results_clothing_recommendation_final.pdf> [8 <D:/my work/clothing
 recommendation --- MM 2012/final version/figure/match_style.pdf> <D:/my work/c
lothing recommendation --- MM 2012/final version/figure/wedding_and_funeral.pdf
>] <figure/upper.pdf, id=415, 262.78676pt x 153.11504pt>
File: figure/upper.pdf Graphic file (type pdf)

<use figure/upper.pdf> <figure/lower.pdf, id=416, 263.2475pt x 151.79109pt>
File: figure/lower.pdf Graphic file (type pdf)

<use figure/lower.pdf>

pdfTeX warning: C:\CTEX\MiKTeX\miktex\bin\pdflatex.exe (file D:/my work/clothin
g recommendation --- MM 2012/final version/figure/results_clothing_matching.pdf
): PDF inclusion: found PDF version <1.6>, but at most version <1.5> allowed
<figure/results_clothing_matching.pdf, id=417, 550.67003pt x 423.63268pt>
File: figure/results_clothing_matching.pdf Graphic file (type pdf)

<use figure/results_clothing_matching.pdf>
Overfull \hbox (7.79921pt too wide) in paragraph at lines 694--696
 [] 
 []


LaTeX Warning: `h' float specifier changed to `ht'.

[9 <D:/my work/clothing recommendation --- MM 2012/final version/figure/exp1.pd
f> <D:/my work/clothing recommendation --- MM 2012/final version/figure/results
_clothing_recommendation_final.pdf>]
Overfull \hbox (3.77019pt too wide) in paragraph at lines 732--733
\T1/aer/m/n/9 This work was sup-port-ed by 973 Pro-gram No. 2010CB327905,
 []

("D:\my work\clothing recommendation --- MM 2012\final version\magic_closet.bbl
") [10 <D:/my work/clothing recommendation --- MM 2012/final version/figure/upp
er.pdf> <D:/my work/clothing recommendation --- MM 2012/final version/figure/lo
wer.pdf> <D:/my work/clothing recommendation --- MM 2012/final version/figure/r
esults_clothing_matching.pdf>]
("D:\my work\clothing recommendation --- MM 2012\final version\magic_closet.aux
") ) 
Here is how much of TeX's memory you used:
 3594 strings out of 495362
 43508 string characters out of 3184023
 115205 words of memory out of 3000000
 6634 multiletter control sequences out of 15000+200000
 66343 words of font info for 98 fonts, out of 3000000 for 9000
 14 hyphenation exceptions out of 8191
 41i,15n,35p,1668b,333s stack positions out of 5000i,500n,10000p,200000b,50000s
{C:/CTEX/MiKTeX/fonts/enc/dvips/fontname/8r.enc}<C:/CTEX/MiKTeX/fonts/type1
/public/amsfonts/cm/cmbx6.pfb><C:/CTEX/MiKTeX/fonts/type1/public/amsfonts/cm/cm
bx8.pfb><C:/CTEX/MiKTeX/fonts/type1/public/amsfonts/cm/cmbx9.pfb><C:/CTEX/MiKTe
X/fonts/type1/public/amsfonts/cmextra/cmex8.pfb><C:/CTEX/MiKTeX/fonts/type1/pub
lic/amsfonts/cmextra/cmex9.pfb><C:/CTEX/MiKTeX/fonts/type1/public/amsfonts/cm/c
mmi5.pfb><C:/CTEX/MiKTeX/fonts/type1/public/amsfonts/cm/cmmi6.pfb><C:/CTEX/MiKT
eX/fonts/type1/public/amsfonts/cm/cmmi8.pfb><C:/CTEX/MiKTeX/fonts/type1/public/
amsfonts/cm/cmmi9.pfb><C:/CTEX/MiKTeX/fonts/type1/public/amsfonts/cm/cmr6.pfb><
C:/CTEX/MiKTeX/fonts/type1/public/amsfonts/cm/cmr7.pfb><C:/CTEX/MiKTeX/fonts/ty
pe1/public/amsfonts/cm/cmr8.pfb><C:/CTEX/MiKTeX/fonts/type1/public/amsfonts/cm/
cmr9.pfb><C:/CTEX/MiKTeX/fonts/type1/public/amsfonts/cm/cmsy6.pfb><C:/CTEX/MiKT
eX/fonts/type1/public/amsfonts/cm/cmsy8.pfb><C:/CTEX/MiKTeX/fonts/type1/public/
amsfonts/cm/cmsy9.pfb><C:/CTEX/MiKTeX/fonts/type1/public/amsfonts/cm/cmti7.pfb>
<C:/CTEX/MiKTeX/fonts/type1/public/amsfonts/cm/cmti9.pfb><C:/CTEX/MiKTeX/fonts/
type1/public/amsfonts/cm/cmtt8.pfb><C:/CTEX/MiKTeX/fonts/type1/public/amsfonts/
cm/cmtt9.pfb><C:/CTEX/MiKTeX/fonts/type1/public/amsfonts/symbols/msbm10.pfb><C:
/CTEX/MiKTeX/fonts/type1/urw/helvetic/uhvb8a.pfb><C:/CTEX/MiKTeX/fonts/type1/ur
w/helvetic/uhvr8a.pfb><C:/CTEX/MiKTeX/fonts/type1/urw/times/utmb8a.pfb><C:/CTEX
/MiKTeX/fonts/type1/urw/times/utmr8a.pfb><C:/CTEX/MiKTeX/fonts/type1/urw/times/
utmri8a.pfb>
Output written on magic_closet.pdf (10 pages, 3617738 bytes).
PDF statistics:
 659 PDF objects out of 1000 (max. 8388607)
 0 named destinations out of 1000 (max. 500000)
 86 words of extra memory for PDF output out of 10000 (max. 10000000)

